Using pre-set license
Built from '2020.3/staging' branch; Version is '2020.3.4f1 (0abb6314276a) revision 703331'; Using compiler version '192528614'; Build Type 'Release'
OS: 'Windows 10 Pro; OS build 19042.1237; Version 2009; 64bit' Language: 'ru' Physical Memory: 16318 MB
BatchMode: 1, IsHumanControllingUs: 0, StartBugReporterOnCrash: 0, Is64bit: 1, IsPro: 0

 COMMAND LINE ARGUMENTS:
E:\2020.3.4f1\Editor\Unity.exe
-adb2
-batchMode
-noUpm
-name
AssetImportWorker0
-projectPath
E:/Project/New Unity Project (5)
-logFile
Logs/AssetImportWorker0.log
-srvPort
50304
Successfully changed project path to: E:/Project/New Unity Project (5)
E:/Project/New Unity Project (5)
Using Asset Import Pipeline V2.
Refreshing native plugins compatible for Editor in 32.88 ms, found 0 plugins.
Preloading 0 native plugins for Editor in 0.00 ms.
Initialize engine version: 2020.3.4f1 (0abb6314276a)
[Subsystems] Discovering subsystems at path E:/2020.3.4f1/Editor/Data/Resources/UnitySubsystems
[Subsystems] Discovering subsystems at path E:/Project/New Unity Project (5)/Assets
GfxDevice: creating device client; threaded=0
Direct3D:
    Version:  Direct3D 11.0 [level 11.1]
    Renderer: NVIDIA GeForce GTX 1660 (ID=0x2184)
    Vendor:   
    VRAM:     5991 MB
    Driver:   30.0.14.7212
Initialize mono
Mono path[0] = 'E:/2020.3.4f1/Editor/Data/Managed'
Mono path[1] = 'E:/2020.3.4f1/Editor/Data/MonoBleedingEdge/lib/mono/unityjit'
Mono config path = 'E:/2020.3.4f1/Editor/Data/MonoBleedingEdge/etc'
Using monoOptions --debugger-agent=transport=dt_socket,embedding=1,server=y,suspend=n,address=127.0.0.1:56844
Begin MonoManager ReloadAssembly
Registering precompiled unity dll's ...
Register platform support module: E:/2020.3.4f1/Editor/Data/PlaybackEngines/WindowsStandaloneSupport/UnityEditor.WindowsStandalone.Extensions.dll
Registered in 0.001217 seconds.
Native extension for WindowsStandalone target not found
Refreshing native plugins compatible for Editor in 30.21 ms, found 0 plugins.
Preloading 0 native plugins for Editor in 0.00 ms.
Mono: successfully reloaded assembly
- Completed reload, in  2.208 seconds
Platform modules already initialized, skipping
Registering precompiled user dll's ...
Registered in 0.000625 seconds.
Begin MonoManager ReloadAssembly
Native extension for WindowsStandalone target not found
Refreshing native plugins compatible for Editor in 0.23 ms, found 0 plugins.
Preloading 0 native plugins for Editor in 0.00 ms.
Mono: successfully reloaded assembly
- Completed reload, in  1.100 seconds
Platform modules already initialized, skipping
========================================================================
Worker process is ready to serve import requests
Launched and connected shader compiler UnityShaderCompiler.exe after 0.06 seconds
Refreshing native plugins compatible for Editor in 0.29 ms, found 0 plugins.
Preloading 0 native plugins for Editor in 0.00 ms.
Unloading 1115 Unused Serialized files (Serialized files now loaded: 0)
System memory in use before: 57.2 MB.
System memory in use after: 57.2 MB.

Unloading 10 unused Assets to reduce memory usage. Loaded Objects now: 1557.
Total: 1.982000 ms (FindLiveObjects: 0.136900 ms CreateObjectMapping: 0.045600 ms MarkObjects: 1.707800 ms  DeleteObjects: 0.090400 ms)

========================================================================
Received Import Request.
  path: Assets
  artifactKey: Guid(00000000000000001000000000000000) Importer(815301076,1909f56bfc062723c751e8b465ee728b)
Start importing Assets using Guid(00000000000000001000000000000000) Importer(815301076,1909f56bfc062723c751e8b465ee728b)  -> (artifact id: '025e4f587c23674256bb898581e82961') in 0.006128 seconds
  Import took 0.008349 seconds .

========================================================================
Received Import Request.
  Time since last request: 5.451617 seconds.
  path: Assets/Editor
  artifactKey: Guid(f67e344fd03430e44ae1513fe6769e91) Importer(815301076,1909f56bfc062723c751e8b465ee728b)
Start importing Assets/Editor using Guid(f67e344fd03430e44ae1513fe6769e91) Importer(815301076,1909f56bfc062723c751e8b465ee728b)  -> (artifact id: 'ff5b4ed7794b06d476fd99046269f0e5') in 0.002533 seconds
  Import took 0.005045 seconds .

========================================================================
Received Import Request.
  Time since last request: 28.367959 seconds.
  path: Assets/Editor/Logger.cs
  artifactKey: Guid(ad79e77175c391d409f72d54bb59e5e3) Importer(815301076,1909f56bfc062723c751e8b465ee728b)
Start importing Assets/Editor/Logger.cs using Guid(ad79e77175c391d409f72d54bb59e5e3) Importer(815301076,1909f56bfc062723c751e8b465ee728b)  -> (artifact id: 'f39c57c50563ef3174bce3c9bf3d6457') in 0.068713 seconds
  Import took 0.071372 seconds .

========================================================================
Received Prepare
Registering precompiled user dll's ...
Registered in 0.000612 seconds.
Begin MonoManager ReloadAssembly
Native extension for WindowsStandalone target not found
Refreshing native plugins compatible for Editor in 0.20 ms, found 0 plugins.
Preloading 0 native plugins for Editor in 0.00 ms.
Mono: successfully reloaded assembly
- Completed reload, in  1.067 seconds
Platform modules already initialized, skipping
Refreshing native plugins compatible for Editor in 0.20 ms, found 0 plugins.
Preloading 0 native plugins for Editor in 0.00 ms.
Unloading 1111 Unused Serialized files (Serialized files now loaded: 0)
System memory in use before: 57.1 MB.
System memory in use after: 57.2 MB.

Unloading 5 unused Assets to reduce memory usage. Loaded Objects now: 1561.
Total: 1.784400 ms (FindLiveObjects: 0.193400 ms CreateObjectMapping: 0.040900 ms MarkObjects: 1.460200 ms  DeleteObjects: 0.088900 ms)

========================================================================
Received Prepare
Registering precompiled user dll's ...
Registered in 0.001271 seconds.
Begin MonoManager ReloadAssembly
Native extension for WindowsStandalone target not found
Refreshing native plugins compatible for Editor in 0.39 ms, found 0 plugins.
Preloading 0 native plugins for Editor in 0.00 ms.
Mono: successfully reloaded assembly
- Completed reload, in  0.882 seconds
Platform modules already initialized, skipping
Refreshing native plugins compatible for Editor in 0.30 ms, found 0 plugins.
Preloading 0 native plugins for Editor in 0.00 ms.
Unloading 1111 Unused Serialized files (Serialized files now loaded: 0)
System memory in use before: 57.2 MB.
System memory in use after: 57.2 MB.

Unloading 5 unused Assets to reduce memory usage. Loaded Objects now: 1564.
Total: 1.763800 ms (FindLiveObjects: 0.140100 ms CreateObjectMapping: 0.043100 ms MarkObjects: 1.518600 ms  DeleteObjects: 0.060700 ms)

========================================================================
Received Import Request.
  Time since last request: 1527.529121 seconds.
  path: Assets/Editor/Logger.cs
  artifactKey: Guid(ad79e77175c391d409f72d54bb59e5e3) Importer(815301076,1909f56bfc062723c751e8b465ee728b)
Start importing Assets/Editor/Logger.cs using Guid(ad79e77175c391d409f72d54bb59e5e3) Importer(815301076,1909f56bfc062723c751e8b465ee728b)  -> (artifact id: 'c93a79159d14c37733c2c63fd889fead') in 0.003577 seconds
  Import took 0.005657 seconds .

========================================================================
Received Prepare
Registering precompiled user dll's ...
Registered in 0.000664 seconds.
Begin MonoManager ReloadAssembly
Native extension for WindowsStandalone target not found
Refreshing native plugins compatible for Editor in 0.19 ms, found 0 plugins.
Preloading 0 native plugins for Editor in 0.00 ms.
Mono: successfully reloaded assembly
- Completed reload, in  0.877 seconds
Platform modules already initialized, skipping
Refreshing native plugins compatible for Editor in 0.19 ms, found 0 plugins.
Preloading 0 native plugins for Editor in 0.00 ms.
Unloading 1111 Unused Serialized files (Serialized files now loaded: 0)
System memory in use before: 57.2 MB.
System memory in use after: 57.2 MB.

Unloading 5 unused Assets to reduce memory usage. Loaded Objects now: 1567.
Total: 1.995500 ms (FindLiveObjects: 0.132900 ms CreateObjectMapping: 0.037100 ms MarkObjects: 1.731700 ms  DeleteObjects: 0.092600 ms)

========================================================================
Received Import Request.
  Time since last request: 279.183191 seconds.
  path: Assets/Editor/Logger.cs
  artifactKey: Guid(ad79e77175c391d409f72d54bb59e5e3) Importer(815301076,1909f56bfc062723c751e8b465ee728b)
Start importing Assets/Editor/Logger.cs using Guid(ad79e77175c391d409f72d54bb59e5e3) Importer(815301076,1909f56bfc062723c751e8b465ee728b)  -> (artifact id: '2d09dc2442ed26c8d1ffd42555de7860') in 0.004974 seconds
  Import took 0.007410 seconds .

========================================================================
Received Prepare
Registering precompiled user dll's ...
Registered in 0.000642 seconds.
Begin MonoManager ReloadAssembly
Native extension for WindowsStandalone target not found
Refreshing native plugins compatible for Editor in 0.20 ms, found 0 plugins.
Preloading 0 native plugins for Editor in 0.00 ms.
Mono: successfully reloaded assembly
- Completed reload, in  0.866 seconds
Platform modules already initialized, skipping
Refreshing native plugins compatible for Editor in 0.20 ms, found 0 plugins.
Preloading 0 native plugins for Editor in 0.00 ms.
Unloading 1111 Unused Serialized files (Serialized files now loaded: 0)
System memory in use before: 57.2 MB.
System memory in use after: 57.3 MB.

Unloading 5 unused Assets to reduce memory usage. Loaded Objects now: 1570.
Total: 2.003500 ms (FindLiveObjects: 0.125800 ms CreateObjectMapping: 0.035500 ms MarkObjects: 1.754300 ms  DeleteObjects: 0.087100 ms)

========================================================================
Received Import Request.
  Time since last request: 290.174628 seconds.
  path: Assets/Editor/Logger.cs
  artifactKey: Guid(ad79e77175c391d409f72d54bb59e5e3) Importer(815301076,1909f56bfc062723c751e8b465ee728b)
Start importing Assets/Editor/Logger.cs using Guid(ad79e77175c391d409f72d54bb59e5e3) Importer(815301076,1909f56bfc062723c751e8b465ee728b)  -> (artifact id: '95b3c548331320d20554d5c0a5a61b83') in 0.003830 seconds
  Import took 0.005681 seconds .

========================================================================
Received Import Request.
  Time since last request: 509.325459 seconds.
  path: Assets/Art.cs
  artifactKey: Guid(19465c1c2b05dae4db5478529502a2a3) Importer(815301076,1909f56bfc062723c751e8b465ee728b)
Start importing Assets/Art.cs using Guid(19465c1c2b05dae4db5478529502a2a3) Importer(815301076,1909f56bfc062723c751e8b465ee728b)  -> (artifact id: '4783b3904b4fa2525bbb018f3eb22fb2') in 0.002576 seconds
  Import took 0.006376 seconds .

========================================================================
Received Prepare
Registering precompiled user dll's ...
Registered in 0.000586 seconds.
Begin MonoManager ReloadAssembly
Native extension for WindowsStandalone target not found
Refreshing native plugins compatible for Editor in 0.20 ms, found 0 plugins.
Preloading 0 native plugins for Editor in 0.00 ms.
Mono: successfully reloaded assembly
- Completed reload, in  0.864 seconds
Platform modules already initialized, skipping
Refreshing native plugins compatible for Editor in 0.20 ms, found 0 plugins.
Preloading 0 native plugins for Editor in 0.00 ms.
Unloading 1112 Unused Serialized files (Serialized files now loaded: 0)
System memory in use before: 57.2 MB.
System memory in use after: 57.3 MB.

Unloading 5 unused Assets to reduce memory usage. Loaded Objects now: 1574.
Total: 1.734300 ms (FindLiveObjects: 0.140900 ms CreateObjectMapping: 0.040500 ms MarkObjects: 1.445600 ms  DeleteObjects: 0.106400 ms)

========================================================================
Received Prepare
Registering precompiled user dll's ...
Registered in 0.000626 seconds.
Begin MonoManager ReloadAssembly
Native extension for WindowsStandalone target not found
Refreshing native plugins compatible for Editor in 0.22 ms, found 0 plugins.
Preloading 0 native plugins for Editor in 0.00 ms.
Mono: successfully reloaded assembly
- Completed reload, in  1.077 seconds
Platform modules already initialized, skipping
Refreshing native plugins compatible for Editor in 0.25 ms, found 0 plugins.
Preloading 0 native plugins for Editor in 0.00 ms.
Unloading 1112 Unused Serialized files (Serialized files now loaded: 0)
System memory in use before: 57.2 MB.
System memory in use after: 57.3 MB.

Unloading 5 unused Assets to reduce memory usage. Loaded Objects now: 1577.
Total: 1.843600 ms (FindLiveObjects: 0.153100 ms CreateObjectMapping: 0.048600 ms MarkObjects: 1.588600 ms  DeleteObjects: 0.051800 ms)

========================================================================
Received Import Request.
  Time since last request: 397.783101 seconds.
  path: Assets/Art.cs
  artifactKey: Guid(19465c1c2b05dae4db5478529502a2a3) Importer(815301076,1909f56bfc062723c751e8b465ee728b)
Start importing Assets/Art.cs using Guid(19465c1c2b05dae4db5478529502a2a3) Importer(815301076,1909f56bfc062723c751e8b465ee728b)  -> (artifact id: 'bea0a23ae54a4474f1b72e4359b3ac62') in 0.004553 seconds
  Import took 0.007452 seconds .

========================================================================
Received Import Request.
  Time since last request: 341.248569 seconds.
  path: Assets/TreeBase.cs
  artifactKey: Guid(056df250961b8ec4fb0c26fbc5d7406d) Importer(815301076,1909f56bfc062723c751e8b465ee728b)
Start importing Assets/TreeBase.cs using Guid(056df250961b8ec4fb0c26fbc5d7406d) Importer(815301076,1909f56bfc062723c751e8b465ee728b)  -> (artifact id: '821c87ed02190b3738b68a4d094e4b54') in 0.002646 seconds
  Import took 0.005588 seconds .

========================================================================
Received Prepare
Registering precompiled user dll's ...
Registered in 0.000602 seconds.
Begin MonoManager ReloadAssembly
Native extension for WindowsStandalone target not found
Refreshing native plugins compatible for Editor in 0.20 ms, found 0 plugins.
Preloading 0 native plugins for Editor in 0.00 ms.
Mono: successfully reloaded assembly
- Completed reload, in  0.824 seconds
Platform modules already initialized, skipping
Refreshing native plugins compatible for Editor in 0.19 ms, found 0 plugins.
Preloading 0 native plugins for Editor in 0.00 ms.
Unloading 1113 Unused Serialized files (Serialized files now loaded: 0)
System memory in use before: 57.3 MB.
System memory in use after: 57.4 MB.

Unloading 5 unused Assets to reduce memory usage. Loaded Objects now: 1581.
Total: 1.709600 ms (FindLiveObjects: 0.142000 ms CreateObjectMapping: 0.049100 ms MarkObjects: 1.432800 ms  DeleteObjects: 0.084700 ms)

========================================================================
Received Prepare
Registering precompiled user dll's ...
Registered in 0.001202 seconds.
Begin MonoManager ReloadAssembly
Native extension for WindowsStandalone target not found
Refreshing native plugins compatible for Editor in 0.23 ms, found 0 plugins.
Preloading 0 native plugins for Editor in 0.00 ms.
Mono: successfully reloaded assembly
- Completed reload, in  0.815 seconds
Platform modules already initialized, skipping
Refreshing native plugins compatible for Editor in 0.21 ms, found 0 plugins.
Preloading 0 native plugins for Editor in 0.00 ms.
Unloading 1113 Unused Serialized files (Serialized files now loaded: 0)
System memory in use before: 57.3 MB.
System memory in use after: 57.4 MB.

Unloading 5 unused Assets to reduce memory usage. Loaded Objects now: 1584.
Total: 1.906700 ms (FindLiveObjects: 0.144000 ms CreateObjectMapping: 0.045400 ms MarkObjects: 1.665900 ms  DeleteObjects: 0.050400 ms)

========================================================================
Received Import Request.
  Time since last request: 142.405018 seconds.
  path: Assets/TreeBase.cs
  artifactKey: Guid(056df250961b8ec4fb0c26fbc5d7406d) Importer(815301076,1909f56bfc062723c751e8b465ee728b)
Start importing Assets/TreeBase.cs using Guid(056df250961b8ec4fb0c26fbc5d7406d) Importer(815301076,1909f56bfc062723c751e8b465ee728b)  -> (artifact id: '4c0648686d2212e0192b2aef1cb6fe4c') in 0.006666 seconds
  Import took 0.010734 seconds .

========================================================================
Received Import Request.
  Time since last request: 27.696277 seconds.
  path: Assets/Editor/GameMenu.cs
  artifactKey: Guid(ab495e5f255e7544697582a5a99acc70) Importer(815301076,1909f56bfc062723c751e8b465ee728b)
Start importing Assets/Editor/GameMenu.cs using Guid(ab495e5f255e7544697582a5a99acc70) Importer(815301076,1909f56bfc062723c751e8b465ee728b)  -> (artifact id: '838e8581df936a745c993b66d7da5487') in 0.014478 seconds
  Import took 0.016482 seconds .

========================================================================
Received Import Request.
  Time since last request: 0.000392 seconds.
  path: Assets/Editor/GameMenu.cs
  artifactKey: Guid(ab495e5f255e7544697582a5a99acc70) Importer(815301076,1909f56bfc062723c751e8b465ee728b)
Start importing Assets/Editor/GameMenu.cs using Guid(ab495e5f255e7544697582a5a99acc70) Importer(815301076,1909f56bfc062723c751e8b465ee728b)  -> (artifact id: '838e8581df936a745c993b66d7da5487') in 0.002527 seconds
  Import took 0.004873 seconds .

========================================================================
Received Prepare
Registering precompiled user dll's ...
Registered in 0.000563 seconds.
Begin MonoManager ReloadAssembly
Native extension for WindowsStandalone target not found
Refreshing native plugins compatible for Editor in 0.20 ms, found 0 plugins.
Preloading 0 native plugins for Editor in 0.00 ms.
Mono: successfully reloaded assembly
- Completed reload, in  0.921 seconds
Platform modules already initialized, skipping
Refreshing native plugins compatible for Editor in 0.20 ms, found 0 plugins.
Preloading 0 native plugins for Editor in 0.00 ms.
Unloading 1114 Unused Serialized files (Serialized files now loaded: 0)
System memory in use before: 57.3 MB.
System memory in use after: 57.4 MB.

Unloading 5 unused Assets to reduce memory usage. Loaded Objects now: 1588.
Total: 1.747800 ms (FindLiveObjects: 0.130600 ms CreateObjectMapping: 0.064900 ms MarkObjects: 1.468200 ms  DeleteObjects: 0.083000 ms)

========================================================================
Received Prepare
Registering precompiled user dll's ...
Registered in 0.000887 seconds.
Begin MonoManager ReloadAssembly
Native extension for WindowsStandalone target not found
Refreshing native plugins compatible for Editor in 0.23 ms, found 0 plugins.
Preloading 0 native plugins for Editor in 0.00 ms.
Mono: successfully reloaded assembly
- Completed reload, in  0.852 seconds
Platform modules already initialized, skipping
Refreshing native plugins compatible for Editor in 0.20 ms, found 0 plugins.
Preloading 0 native plugins for Editor in 0.00 ms.
Unloading 1114 Unused Serialized files (Serialized files now loaded: 0)
System memory in use before: 57.3 MB.
System memory in use after: 57.4 MB.

Unloading 5 unused Assets to reduce memory usage. Loaded Objects now: 1591.
Total: 1.592400 ms (FindLiveObjects: 0.138800 ms CreateObjectMapping: 0.034700 ms MarkObjects: 1.371400 ms  DeleteObjects: 0.046500 ms)

========================================================================
Received Import Request.
  Time since last request: 187.942633 seconds.
  path: Assets/Editor/GameMenu.cs
  artifactKey: Guid(ab495e5f255e7544697582a5a99acc70) Importer(815301076,1909f56bfc062723c751e8b465ee728b)
Start importing Assets/Editor/GameMenu.cs using Guid(ab495e5f255e7544697582a5a99acc70) Importer(815301076,1909f56bfc062723c751e8b465ee728b)  -> (artifact id: '7d6fed3d7d21a05e3b161ad41c29f94a') in 0.004240 seconds
  Import took 0.006350 seconds .

========================================================================
Received Import Request.
  Time since last request: 239.632384 seconds.
  path: Assets/New Folder
  artifactKey: Guid(c9791c765d61a714ebc6ff051d57b61b) Importer(815301076,1909f56bfc062723c751e8b465ee728b)
Start importing Assets/New Folder using Guid(c9791c765d61a714ebc6ff051d57b61b) Importer(815301076,1909f56bfc062723c751e8b465ee728b)  -> (artifact id: '32257690d7c7108d909b1fd37cf17181') in 0.003766 seconds
  Import took 0.006480 seconds .

========================================================================
Received Import Request.
  Time since last request: 11.812079 seconds.
  path: Assets/TrafficLight.cs
  artifactKey: Guid(95efb328efa79f041914d1ca9caf3b51) Importer(815301076,1909f56bfc062723c751e8b465ee728b)
Start importing Assets/TrafficLight.cs using Guid(95efb328efa79f041914d1ca9caf3b51) Importer(815301076,1909f56bfc062723c751e8b465ee728b)  -> (artifact id: 'd4b0840aba8795593ed60d8cdc7a2220') in 0.005960 seconds
  Import took 0.008553 seconds .

========================================================================
Received Prepare
Registering precompiled user dll's ...
Registered in 0.000564 seconds.
Begin MonoManager ReloadAssembly
Native extension for WindowsStandalone target not found
Refreshing native plugins compatible for Editor in 0.19 ms, found 0 plugins.
Preloading 0 native plugins for Editor in 0.00 ms.
Mono: successfully reloaded assembly
- Completed reload, in  0.954 seconds
Platform modules already initialized, skipping
Refreshing native plugins compatible for Editor in 0.21 ms, found 0 plugins.
Preloading 0 native plugins for Editor in 0.00 ms.
Unloading 1115 Unused Serialized files (Serialized files now loaded: 0)
System memory in use before: 57.4 MB.
System memory in use after: 57.4 MB.

Unloading 5 unused Assets to reduce memory usage. Loaded Objects now: 1595.
Total: 1.783900 ms (FindLiveObjects: 0.196100 ms CreateObjectMapping: 0.050400 ms MarkObjects: 1.434600 ms  DeleteObjects: 0.102000 ms)

========================================================================
Received Prepare
Registering precompiled user dll's ...
Registered in 0.000760 seconds.
Begin MonoManager ReloadAssembly
Native extension for WindowsStandalone target not found
Refreshing native plugins compatible for Editor in 0.32 ms, found 0 plugins.
Preloading 0 native plugins for Editor in 0.00 ms.
Mono: successfully reloaded assembly
- Completed reload, in  0.864 seconds
Platform modules already initialized, skipping
Refreshing native plugins compatible for Editor in 0.20 ms, found 0 plugins.
Preloading 0 native plugins for Editor in 0.00 ms.
Unloading 1115 Unused Serialized files (Serialized files now loaded: 0)
System memory in use before: 57.4 MB.
System memory in use after: 57.4 MB.

Unloading 5 unused Assets to reduce memory usage. Loaded Objects now: 1598.
Total: 1.838900 ms (FindLiveObjects: 0.127800 ms CreateObjectMapping: 0.037900 ms MarkObjects: 1.624600 ms  DeleteObjects: 0.047500 ms)

========================================================================
Received Import Request.
  Time since last request: 98.629343 seconds.
  path: Assets/TrafficLight.cs
  artifactKey: Guid(95efb328efa79f041914d1ca9caf3b51) Importer(815301076,1909f56bfc062723c751e8b465ee728b)
Start importing Assets/TrafficLight.cs using Guid(95efb328efa79f041914d1ca9caf3b51) Importer(815301076,1909f56bfc062723c751e8b465ee728b)  -> (artifact id: '843cf87b33879bae389381214f014b9b') in 0.002986 seconds
  Import took 0.005054 seconds .

========================================================================
Received Import Request.
  Time since last request: 34.533854 seconds.
  path: Assets/New Material.mat
  artifactKey: Guid(08afd696fc0d8274db28e739514f2637) Importer(815301076,1909f56bfc062723c751e8b465ee728b)
Start importing Assets/New Material.mat using Guid(08afd696fc0d8274db28e739514f2637) Importer(815301076,1909f56bfc062723c751e8b465ee728b)  -> (artifact id: 'ed7e26a419d56baa5b37510a526144c1') in 0.123737 seconds
  Import took 0.126493 seconds .

========================================================================
Received Import Request.
  Time since last request: 2.910549 seconds.
  path: Assets/New Material 1.mat
  artifactKey: Guid(a9f8cc8a53fbf4b49991b92d5941bd6e) Importer(815301076,1909f56bfc062723c751e8b465ee728b)
Start importing Assets/New Material 1.mat using Guid(a9f8cc8a53fbf4b49991b92d5941bd6e) Importer(815301076,1909f56bfc062723c751e8b465ee728b)  -> (artifact id: 'd3bed198800b5e4d47f76be0e576019c') in 0.015386 seconds
  Import took 0.018013 seconds .

========================================================================
Received Import Request.
  Time since last request: 6.653537 seconds.
  path: Assets/New Material 1.mat
  artifactKey: Guid(a9f8cc8a53fbf4b49991b92d5941bd6e) Importer(815301076,1909f56bfc062723c751e8b465ee728b)
Start importing Assets/New Material 1.mat using Guid(a9f8cc8a53fbf4b49991b92d5941bd6e) Importer(815301076,1909f56bfc062723c751e8b465ee728b)  -> (artifact id: 'd3bed198800b5e4d47f76be0e576019c') in 0.008507 seconds
  Import took 0.011332 seconds .

========================================================================
Received Import Request.
  Time since last request: 2.315504 seconds.
  path: Assets/New Material 2.mat
  artifactKey: Guid(3bb4000a39c4fbc49a7df5c611b5f087) Importer(815301076,1909f56bfc062723c751e8b465ee728b)
Start importing Assets/New Material 2.mat using Guid(3bb4000a39c4fbc49a7df5c611b5f087) Importer(815301076,1909f56bfc062723c751e8b465ee728b)  -> (artifact id: 'cd4b47dad726350f1dd63aa07f1d1d32') in 0.023205 seconds
  Import took 0.025791 seconds .

========================================================================
Received Prepare
Registering precompiled user dll's ...
Registered in 0.000605 seconds.
Begin MonoManager ReloadAssembly
Native extension for WindowsStandalone target not found
Refreshing native plugins compatible for Editor in 0.20 ms, found 0 plugins.
Preloading 0 native plugins for Editor in 0.00 ms.
Mono: successfully reloaded assembly
- Completed reload, in  0.834 seconds
Platform modules already initialized, skipping
Refreshing native plugins compatible for Editor in 0.22 ms, found 0 plugins.
Preloading 0 native plugins for Editor in 0.00 ms.
Unloading 1115 Unused Serialized files (Serialized files now loaded: 0)
System memory in use before: 60.7 MB.
System memory in use after: 60.8 MB.

Unloading 5 unused Assets to reduce memory usage. Loaded Objects now: 1641.
Total: 1.855600 ms (FindLiveObjects: 0.143300 ms CreateObjectMapping: 0.042400 ms MarkObjects: 1.611700 ms  DeleteObjects: 0.057200 ms)

========================================================================
Received Import Request.
  Time since last request: 180.219827 seconds.
  path: Assets/New Material 1.mat
  artifactKey: Guid(a9f8cc8a53fbf4b49991b92d5941bd6e) Importer(815301076,1909f56bfc062723c751e8b465ee728b)
Start importing Assets/New Material 1.mat using Guid(a9f8cc8a53fbf4b49991b92d5941bd6e) Importer(815301076,1909f56bfc062723c751e8b465ee728b)  -> (artifact id: '286f8e377da580a877796a0a96e00aa8') in 0.060976 seconds
  Import took 0.063138 seconds .

========================================================================
Received Import Request.
  Time since last request: 0.000370 seconds.
  path: Assets/New Material.mat
  artifactKey: Guid(08afd696fc0d8274db28e739514f2637) Importer(815301076,1909f56bfc062723c751e8b465ee728b)
Start importing Assets/New Material.mat using Guid(08afd696fc0d8274db28e739514f2637) Importer(815301076,1909f56bfc062723c751e8b465ee728b)  -> (artifact id: 'a2724980499a704eded8447e35b802fb') in 0.010815 seconds
  Import took 0.012805 seconds .

========================================================================
Received Import Request.
  Time since last request: 0.000424 seconds.
  path: Assets/New Material 2.mat
  artifactKey: Guid(3bb4000a39c4fbc49a7df5c611b5f087) Importer(815301076,1909f56bfc062723c751e8b465ee728b)
Start importing Assets/New Material 2.mat using Guid(3bb4000a39c4fbc49a7df5c611b5f087) Importer(815301076,1909f56bfc062723c751e8b465ee728b)  -> (artifact id: 'cad6f2584c08cfa85d8a515b45387aca') in 0.013492 seconds
  Import took 0.016300 seconds .

AssetImportWorkerClient::OnTransportError - code=2 error=End of file
